build/app/outputs/mapping/release/seeds.txt
com.example.funcoolsex.MainActivity
com.example.funcoolsex.MainActivity: MainActivity()
...
org.chromium.support_lib_boundary.ServiceWorkerWebSettingsBoundaryInterface: int getCacheMode()
androidx.media2.session.SessionTokenImplBaseParcelizer
androidx.vectordrawable.graphics.drawable.VectorDrawableCompat$VFullPath: void setTrimPathEnd(float)
com.google.android.gms.internal.measurement.zzbv$zzf: com.google.android.gms.internal.measurement.zzju zzi
org.chromium.support_lib_boundary.WebSettingsBoundaryInterface: boolean getSafeBrowsingEnabled()
androidx.appcompat.widget.SearchView$SearchAutoComplete: void setThreshold(int)
com.pichillilorenzo.flutter_inappwebview.InAppWebView.InAppWebView: void setDesktopMode(boolean)
androidx.constraintlayout.widget.Barrier
androidx.core.app.ComponentActivity: ComponentActivity()
androidx.appcompat.widget.AppCompatCheckedTextView
io.flutter.embedding.android.FlutterSplashView$SavedState: java.lang.String previousCompletedSplashIsolate
androidx.appcompat.widget.LinearLayoutCompat: android.graphics.drawable.Drawable getDividerDrawable()
com.google.android.gms.measurement.internal.AppMeasurementDynamiteService: void resetAnalyticsData(long)
androidx.fragment.app.Fragment$2
com.google.android.gms.internal.measurement.zzbv$zze: java.lang.String zze
io.flutter.embedding.engine.FlutterJNI: void init(android.content.Context,java.lang.String[],java.lang.String,java.lang.String,java.lang.String,long)
androidx.media2.session.SessionTokenParcelizer
com.pichillilorenzo.flutter_inappwebview.InAppWebView.PreferredContentModeOptionType: com.pichillilorenzo.flutter_inappwebview.InAppWebView.PreferredContentModeOptionType valueOf(java.lang.String)
androidx.appcompat.widget.ContentFrameLayout: android.util.TypedValue getFixedWidthMinor()
io.flutter.plugin.editing.ImeSyncDeferringInsetsCallback: io.flutter.plugin.editing.ImeSyncDeferringInsetsCallback$InsetsListener insetsListener
androidx.lifecycle.ReportFragment$LifecycleCallbacks
androidx.media2.session.ConnectionResultParcelizer: androidx.media2.session.ConnectionResult read(androidx.versionedparcelable.VersionedParcel)
com.google.android.gms.internal.measurement.zzcd$zzd
androidx.media2.session.ThumbRatingParcelizer: void write(androidx.media2.session.ThumbRating,androidx.versionedparcelable.VersionedParcel)
androidx.appcompat.widget.Toolbar: void setTitle(int)
org.chromium.support_lib_boundary.WebViewClientBoundaryInterface: void onPageCommitVisible(android.webkit.WebView,java.lang.String)
androidx.media2.common.MediaMetadata: MediaMetadata()
androidx.appcompat.widget.Toolbar: void setNavigationContentDescription(int)
androidx.constraintlayout.widget.ConstraintHelper
androidx.appcompat.widget.SearchView: void setImeOptions(int)
org.chromium.support_lib_boundary.VisualStateCallbackBoundaryInterface
io.flutter.plugins.firebase.core.FlutterFirebasePluginRegistry: java.util.Map registeredPlugins
com.google.android.exoplayer2.metadata.id3.GeobFrame: android.os.Parcelable$Creator CREATOR
com.google.android.gms.measurement.AppMeasurement: void clearConditionalUserProperty(java.lang.String,java.lang.String,android.os.Bundle)
com.google.android.gms.measurement.AppMeasurement$ConditionalUserProperty: java.lang.String mTimedOutEventName
androidx.appcompat.app.AlertController$RecycleListView
com.google.android.gms.internal.measurement.zzcd$zze: float zzg
androidx.core.widget.NestedScrollView$SavedState: android.os.Parcelable$Creator CREATOR
androidx.media2.session.StarRating
androidx.appcompat.widget.AppCompatImageButton: void setSupportBackgroundTintMode(android.graphics.PorterDuff$Mode)
androidx.core.widget.NestedScrollView: void setSmoothScrollingEnabled(boolean)
com.kakao.sdk.flutter.AuthCodeCustomTabsActivity: AuthCodeCustomTabsActivity()
androidx.media2.common.SessionPlayer$TrackInfo
com.google.android.exoplayer2.metadata.mp4.MdtaMetadataEntry: android.os.Parcelable$Creator CREATOR
org.chromium.support_lib_boundary.ServiceWorkerWebSettingsBoundaryInterface: void setCacheMode(int)