build/app/outputs/mapping/release/mapping.txt
# compiler: R8
# compiler_version: 2.1.62
# min_api: 19
# pg_map_id: 9803e81
# common_typos_disable
...
androidx.core.view.NestedScrollingParent3 -> b.g.k.k:
    void onNestedScroll(android.view.View,int,int,int,int,int,int[]) -> m
androidx.core.view.NestedScrollingParentHelper -> b.g.k.m:
    int mNestedScrollAxesNonTouch -> b
    int mNestedScrollAxesTouch -> a
    int getNestedScrollAxes() -> a
    void onNestedScrollAccepted(android.view.View,android.view.View,int) -> b
    void onNestedScrollAccepted(android.view.View,android.view.View,int,int) -> c
    void onStopNestedScroll(android.view.View,int) -> d
androidx.core.view.OnApplyWindowInsetsListener -> b.g.k.n:
    androidx.core.view.WindowInsetsCompat onApplyWindowInsets(android.view.View,androidx.core.view.WindowInsetsCompat) -> a
androidx.core.view.OneShotPreDrawListener -> b.g.k.o:
    android.view.ViewTreeObserver mViewTreeObserver -> e
    java.lang.Runnable mRunnable -> f
    android.view.View mView -> d
    androidx.core.view.OneShotPreDrawListener add(android.view.View,java.lang.Runnable) -> a
    void removeListener() -> b
androidx.core.view.TintableBackgroundView -> b.g.k.p:
androidx.core.view.ViewCompat -> b.g.k.q:
    java.lang.reflect.Field sAccessibilityDelegateField -> e
    boolean sAccessibilityDelegateCheckFailed -> f
    java.util.WeakHashMap sViewPropertyAnimatorMap -> d
    java.util.WeakHashMap sTransitionNameMap -> c
    java.lang.reflect.Field sMinHeightField -> a
    boolean sMinHeightFieldFetched -> b
    void setAccessibilityDelegate(android.view.View,androidx.core.view.AccessibilityDelegateCompat) -> A
    void setBackground(android.view.View,android.graphics.drawable.Drawable) -> B
    void setBackgroundTintList(android.view.View,android.content.res.ColorStateList) -> C
    void setBackgroundTintMode(android.view.View,android.graphics.PorterDuff$Mode) -> D
    void setElevation(android.view.View,float) -> E
    void setOnApplyWindowInsetsListener(android.view.View,androidx.core.view.OnApplyWindowInsetsListener) -> F
    void setScrollIndicators(android.view.View,int,int) -> G
    void setTransitionName(android.view.View,java.lang.String) -> H
    void stopNestedScroll(android.view.View) -> I
    androidx.core.view.ViewCompat$AccessibilityViewProperty accessibilityHeadingProperty() -> a
    androidx.core.view.ViewPropertyAnimatorCompat animate(android.view.View) -> b
    boolean dispatchUnhandledKeyEventBeforeCallback(android.view.View,android.view.KeyEvent) -> c
    boolean dispatchUnhandledKeyEventBeforeHierarchy(android.view.View,android.view.KeyEvent) -> d
androidx.core.view.ViewCompat$1 -> b.g.k.q$a:
    androidx.core.view.OnApplyWindowInsetsListener val$listener -> a
androidx.core.view.ViewCompat$3 -> b.g.k.q$b:
    java.lang.Object frameworkGet(android.view.View) -> c
    java.lang.Boolean frameworkGet(android.view.View) -> e
androidx.core.view.ViewCompat$4 -> b.g.k.q$c:
    java.lang.Object frameworkGet(android.view.View) -> c
    java.lang.CharSequence frameworkGet(android.view.View) -> e
androidx.core.view.ViewCompat$5 -> b.g.k.q$d:
    java.lang.Object frameworkGet(android.view.View) -> c
    java.lang.Boolean frameworkGet(android.view.View) -> e
androidx.core.view.ViewCompat$AccessibilityPaneVisibilityManager -> b.g.k.q$e:
    java.util.WeakHashMap mPanesToVisible -> d
    void checkPaneVisibility(android.view.View,boolean) -> a
    void registerForLayoutCallback(android.view.View) -> b
androidx.core.view.ViewCompat$AccessibilityViewProperty -> b.g.k.q$f:
    java.lang.Class mType -> b
    int mFrameworkMinimumSdk -> c
    int mTagKey -> a
    boolean extrasAvailable() -> a
    boolean frameworkAvailable() -> b
    java.lang.Object frameworkGet(android.view.View) -> c
    java.lang.Object get(android.view.View) -> d
androidx.core.view.ViewCompat$OnUnhandledKeyEventListenerCompat -> b.g.k.q$g:
    boolean onUnhandledKeyEvent(android.view.View,android.view.KeyEvent) -> a