build/app/outputs/mapping/release/usage.txt
com.example.funcoolsex.R$dimen
com.example.funcoolsex.R$drawable
com.example.funcoolsex.R$styleable
com.example.funcoolsex.R$anim
com.example.funcoolsex.R$id
com.example.funcoolsex.R
com.example.funcoolsex.R$color
com.example.funcoolsex.R$mipmap
com.example.funcoolsex.BuildConfig
com.example.funcoolsex.R$bool
com.example.funcoolsex.R$menu
com.example.funcoolsex.R$integer
com.example.funcoolsex.R$style
com.example.funcoolsex.R$attr
com.example.funcoolsex.R$layout
com.example.funcoolsex.R$string
com.example.funcoolsex.R$xml
...
kotlin.jvm.Transient
com.google.android.gms.internal.measurement.zzck
okhttp3.internal.ws.WebSocketWriter
com.google.common.reflect.Types$NativeTypeVariableEquals
android.support.v4.media.session.MediaSessionCompat$MediaSessionImplBase
com.google.android.exoplayer2.upstream.cache.CacheWriter
okhttp3.internal.cache2.Relay$RelaySource
android.support.v4.media.session.MediaSessionCompat$Callback$MediaSessionCallbackApi21
com.google.common.collect.AbstractListMultimap:
    abstract java.util.List createCollection()
    java.util.List createUnmodifiableEmptyCollection()
    public java.util.List get(java.lang.Object)
    public java.util.List removeAll(java.lang.Object)
    public java.util.List replaceValues(java.lang.Object,java.lang.Iterable)
    public synthetic bridge java.util.Collection get(java.lang.Object)
    public synthetic bridge java.util.Collection removeAll(java.lang.Object)
    public synthetic bridge java.util.Collection replaceValues(java.lang.Object,java.lang.Iterable)
    synthetic bridge java.util.Collection createCollection()
    synthetic bridge java.util.Collection createUnmodifiableEmptyCollection()
    private static final long serialVersionUID
com.google.common.util.concurrent.ExecutionSequencer$1
androidx.core.graphics.TypefaceCompatUtil:
    private void <init>()
    private static final java.lang.String TAG
    private static final java.lang.String CACHE_FILE_PREFIX
com.google.common.math.LinearTransformation$LinearTransformationBuilder
com.google.common.cache.RemovalNotification
com.google.common.reflect.TypeToken$TypeCollector$4
androidx.appcompat.app.ResourcesFlusher:
    private void <init>()
    private static final java.lang.String TAG
com.google.android.gms.common.sqlite.CursorWrapper
com.google.common.io.ByteSink
okhttp3.RealCall:
    public okhttp3.Request request()
    public void enqueue(okhttp3.Callback)
    public void cancel()
    public synchronized boolean isExecuted()
    okhttp3.internal.connection.StreamAllocation streamAllocation()
    public synthetic bridge okhttp3.Call clone()
com.google.firebase.R$layout
android.support.v4.media.session.IMediaSession$Default
androidx.versionedparcelable.ParcelUtils:
    public static void toOutputStream(androidx.versionedparcelable.VersionedParcelable,java.io.OutputStream)
    public static androidx.versionedparcelable.VersionedParcelable fromInputStream(java.io.InputStream)
    public static void putVersionedParcelableList(android.os.Bundle,java.lang.String,java.util.List)
    public static java.util.List getVersionedParcelableList(android.os.Bundle,java.lang.String)
    private static final java.lang.String INNER_BUNDLE_KEY
androidx.media2.common.Rating:
    public abstract boolean isRated()
com.google.android.gms.common.internal.AccountType
kotlin.reflect.KType$DefaultImpls
com.google.common.collect.AbstractBiMap
androidx.appcompat.widget.SearchView$AutoCompleteTextViewReflector:
    private java.lang.reflect.Method showSoftInputUnchecked
kotlin.collections.unsigned.UArraysKt___UArraysJvmKt$asList$4
kotlin.text.CharsKt